Arguments: 
  /usr/local/Cellar/node/10.11.0/bin/node /usr/local/Cellar/yarn/1.9.4/libexec/bin/yarn.js

PATH: 
  /usr/local/bin:/usr/bin:/bin:/usr/sbin:/sbin:/Users/david.newton/go/bin

Yarn version: 
  1.9.4

Node version: 
  10.11.0

Platform: 
  darwin x64

Trace: 
  Error: https://registry.yarnpkg.com/bcyrpt: Not found
      at Request.params.callback [as _callback] (/usr/local/Cellar/yarn/1.9.4/libexec/lib/cli.js:64202:18)
      at Request.self.callback (/usr/local/Cellar/yarn/1.9.4/libexec/lib/cli.js:137468:22)
      at Request.emit (events.js:182:13)
      at Request.<anonymous> (/usr/local/Cellar/yarn/1.9.4/libexec/lib/cli.js:138440:10)
      at Request.emit (events.js:182:13)
      at IncomingMessage.<anonymous> (/usr/local/Cellar/yarn/1.9.4/libexec/lib/cli.js:138362:12)
      at Object.onceWrapper (events.js:273:13)
      at IncomingMessage.emit (events.js:187:15)
      at endReadableNT (_stream_readable.js:1092:12)
      at process._tickCallback (internal/process/next_tick.js:63:19)

npm manifest: 
  {
    "name": "boilerplate-react-webpack",
    "version": "0.1.1",
    "description": "A webpack React starter",
    "repository": "https://github.com/dev-academy-challenges/boilerplate-react-webpack.git",
    "main": "server/index.js",
    "scripts": {
      "postinstall": "webpack",
      "dev": "nodemon --watch server server/index & webpack --watch",
      "start": "node server/index",
      "test": "ava  -v  --serial 'test/**/*.test.js'",
      "watch": "nodemon -e js,jsx -x npm test",
      "h:deploy": "git push heroku master",
      "h:migrate": "heroku run knex migrate:latest",
      "h:rollback": "heroku run knex migrate:rollback",
      "h:seed": "heroku run knex seed:run",
      "knex": "knex"
    },
    "ava": {
      "require": "babel-register",
      "babel": "inherit"
    },
    "babel": {
      "presets": [
        "es2015",
        "react",
        "stage-0"
      ]
    },
    "author": "EDA",
    "license": "ISC",
    "devDependencies": {
      "ava": "^0.19.1",
      "enzyme": "^2.8.2",
      "nodemon": "^1.11.0",
      "sqlite3": "^3.1.8",
      "supertest": "^3.0.0"
    },
    "dependencies": {
      "babel-core": "^6.24.1",
      "babel-loader": "^6.4.1",
      "babel-preset-es2015": "^6.24.1",
      "babel-preset-react": "^6.24.1",
      "babel-preset-stage-0": "^6.24.1",
      "babel-register": "^6.24.1",
      "body-parser": "^1.15.2",
      "cors": "^2.8.3",
      "dotenv": "^4.0.0",
      "express": "^4.14.0",
      "express-jwt": "^5.3.0",
      "jsdom": "^11.0.0",
      "jsonwebtoken": "^7.4.3",
      "jsx-loader": "^0.13.2",
      "jwt-decode": "^2.2.0",
      "knex": "^0.13.0",
      "passport": "^0.4.0",
      "pg": "^6.2.3",
      "sqlite3": "^4.0.2",
      "bcyrpt": "^3.0.0",
      "react": "^15.5.4",
      "react-dom": "^15.5.4",
      "react-redux": "^5.0.5",
      "react-router-dom": "^4.1.1",
      "react-test-renderer": "^15.5.4",
      "redux": "^3.6.0",
      "redux-thunk": "^2.2.0",
      "superagent": "^2.2.0",
      "webpack": "^2.3.3",
      "webpack-dev-server": "^2.4.2"
    }
  }

yarn manifest: 
  No manifest

Lockfile: 
  No lockfile
